<?xml version="1.0" encoding="UTF-8"?>
<testng-results skipped="0" failed="0" total="5" passed="5">
  <reporter-output>
  </reporter-output>
  <suite name="Default suite" duration-ms="42729" started-at="2019-05-14T10:56:51Z" finished-at="2019-05-14T10:57:34Z">
    <groups>
    </groups>
    <test name="Default test" duration-ms="42729" started-at="2019-05-14T10:56:51Z" finished-at="2019-05-14T10:57:34Z">
      <class name="com.testPack.ContactUs_test">
        <test-method status="PASS" signature="initContactUs()[pri:0, instance:com.testPack.ContactUs_test@5c7fa833]" name="initContactUs" is-config="true" duration-ms="16588" started-at="2019-05-14T16:26:51Z" finished-at="2019-05-14T16:27:07Z">
          <reporter-output>
          </reporter-output>
        </test-method> <!-- initContactUs -->
        <test-method status="PASS" signature="getcontactus()[pri:0, instance:com.testPack.ContactUs_test@5c7fa833]" name="getcontactus" duration-ms="1825" started-at="2019-05-14T16:27:07Z" finished-at="2019-05-14T16:27:09Z">
          <reporter-output>
          </reporter-output>
        </test-method> <!-- getcontactus -->
        <test-method status="PASS" signature="fillSubHead()[pri:0, instance:com.testPack.ContactUs_test@5c7fa833]" name="fillSubHead" duration-ms="154" started-at="2019-05-14T16:27:09Z" finished-at="2019-05-14T16:27:09Z">
          <reporter-output>
          </reporter-output>
        </test-method> <!-- fillSubHead -->
        <test-method status="PASS" signature="fileUpload()[pri:0, instance:com.testPack.ContactUs_test@5c7fa833]" name="fileUpload" duration-ms="13456" started-at="2019-05-14T16:27:09Z" finished-at="2019-05-14T16:27:23Z">
          <reporter-output>
          </reporter-output>
        </test-method> <!-- fileUpload -->
        <test-method status="PASS" signature="addMessage()[pri:0, instance:com.testPack.ContactUs_test@5c7fa833]" name="addMessage" duration-ms="8227" started-at="2019-05-14T16:27:23Z" finished-at="2019-05-14T16:27:31Z">
          <reporter-output>
          </reporter-output>
        </test-method> <!-- addMessage -->
        <test-method status="PASS" signature="submit()[pri:0, instance:com.testPack.ContactUs_test@5c7fa833]" name="submit" duration-ms="2444" started-at="2019-05-14T16:27:31Z" finished-at="2019-05-14T16:27:34Z">
          <reporter-output>
          </reporter-output>
        </test-method> <!-- submit -->
        <test-method status="PASS" signature="exitcontactUs()[pri:0, instance:com.testPack.ContactUs_test@5c7fa833]" name="exitcontactUs" is-config="true" duration-ms="1" started-at="2019-05-14T16:27:34Z" finished-at="2019-05-14T16:27:34Z">
          <reporter-output>
          </reporter-output>
        </test-method> <!-- exitcontactUs -->
      </class> <!-- com.testPack.ContactUs_test -->
    </test> <!-- Default test -->
  </suite> <!-- Default suite -->
</testng-results>
