<?xml version="1.0" encoding="UTF-8"?>
<!-- Generated by org.testng.reporters.JUnitXMLReporter -->
<testsuite hostname="DESKTOP-1SFM1CA" name="Default test" tests="5" failures="0" timestamp="14 May 2019 10:57:34 GMT" time="42.729" errors="0">
  <testcase name="getcontactus" time="1.825" classname="com.testPack.ContactUs_test"/>
  <testcase name="fillSubHead" time="0.154" classname="com.testPack.ContactUs_test"/>
  <testcase name="fileUpload" time="13.456" classname="com.testPack.ContactUs_test"/>
  <testcase name="addMessage" time="8.227" classname="com.testPack.ContactUs_test"/>
  <testcase name="submit" time="2.444" classname="com.testPack.ContactUs_test"/>
</testsuite> <!-- Default test -->
